<?xml version="1.0" encoding="UTF-8"?>
<coverage generated="1731720538636" clover="3.2.0">
  <project timestamp="1731720538636" name="All files">
    <metrics statements="84" coveredstatements="78" conditionals="65" coveredconditionals="60" methods="19" coveredmethods="17" elements="168" coveredelements="155" complexity="0" loc="84" ncloc="84" packages="2" files="5" classes="5"/>
    <package name="src">
      <metrics statements="21" coveredstatements="16" conditionals="8" coveredconditionals="6" methods="5" coveredmethods="3"/>
      <file name="index.js" path="/Users/mvanproctor/projects/jest-gql-mock-validator/src/index.js">
        <metrics statements="21" coveredstatements="16" conditionals="8" coveredconditionals="6" methods="5" coveredmethods="3"/>
        <line num="10" count="1" type="stmt"/>
        <line num="11" count="4" type="cond" truecount="1" falsecount="1"/>
        <line num="12" count="0" type="stmt"/>
        <line num="15" count="0" type="stmt"/>
        <line num="20" count="4" type="stmt"/>
        <line num="21" count="4" type="stmt"/>
        <line num="23" count="1" type="stmt"/>
        <line num="28" count="1" type="stmt"/>
        <line num="32" count="4" type="cond" truecount="2" falsecount="0"/>
        <line num="33" count="4" type="stmt"/>
        <line num="34" count="4" type="stmt"/>
        <line num="43" count="4" type="stmt"/>
        <line num="44" count="2" type="stmt"/>
        <line num="46" count="2" type="stmt"/>
        <line num="51" count="0" type="stmt"/>
        <line num="52" count="1" type="stmt"/>
        <line num="56" count="4" type="stmt"/>
        <line num="58" count="4" type="stmt"/>
        <line num="59" count="0" type="stmt"/>
        <line num="61" count="0" type="stmt"/>
        <line num="65" count="1" type="stmt"/>
      </file>
    </package>
    <package name="src.core">
      <metrics statements="63" coveredstatements="62" conditionals="57" coveredconditionals="54" methods="14" coveredmethods="14"/>
      <file name="keyExtractor.js" path="/Users/mvanproctor/projects/jest-gql-mock-validator/src/core/keyExtractor.js">
        <metrics statements="4" coveredstatements="4" conditionals="15" coveredconditionals="15" methods="3" coveredmethods="3"/>
        <line num="11" count="3" type="cond" truecount="1" falsecount="0"/>
        <line num="12" count="124" type="cond" truecount="4" falsecount="0"/>
        <line num="17" count="98" type="cond" truecount="2" falsecount="0"/>
        <line num="21" count="12" type="cond" truecount="2" falsecount="0"/>
      </file>
      <file name="queryParser.js" path="/Users/mvanproctor/projects/jest-gql-mock-validator/src/core/queryParser.js">
        <metrics statements="16" coveredstatements="15" conditionals="15" coveredconditionals="12" methods="7" coveredmethods="7"/>
        <line num="2" count="2" type="stmt"/>
        <line num="4" count="2" type="stmt"/>
        <line num="5" count="20" type="cond" truecount="2" falsecount="0"/>
        <line num="6" count="2" type="stmt"/>
        <line num="7" count="10" type="cond" truecount="2" falsecount="0"/>
        <line num="17" count="2" type="stmt"/>
        <line num="18" count="1" type="stmt"/>
        <line num="28" count="1" type="stmt"/>
        <line num="29" count="3" type="stmt"/>
        <line num="32" count="3" type="stmt"/>
        <line num="37" count="13" type="stmt"/>
        <line num="39" count="32" type="cond" truecount="1" falsecount="1"/>
        <line num="40" count="0" type="stmt"/>
        <line num="45" count="32" type="stmt"/>
        <line num="47" count="32" type="stmt"/>
        <line num="65" count="3" type="stmt"/>
      </file>
      <file name="schemaLoader.js" path="/Users/mvanproctor/projects/jest-gql-mock-validator/src/core/schemaLoader.js">
        <metrics statements="12" coveredstatements="12" conditionals="8" coveredconditionals="8" methods="1" coveredmethods="1"/>
        <line num="12" count="2" type="stmt"/>
        <line num="13" count="7" type="cond" truecount="2" falsecount="0"/>
        <line num="14" count="1" type="stmt"/>
        <line num="19" count="6" type="cond" truecount="2" falsecount="0"/>
        <line num="20" count="1" type="stmt"/>
        <line num="23" count="5" type="cond" truecount="2" falsecount="0"/>
        <line num="27" count="5" type="stmt"/>
        <line num="28" count="5" type="stmt"/>
        <line num="29" count="4" type="stmt"/>
        <line num="31" count="3" type="cond" truecount="2" falsecount="0"/>
        <line num="32" count="2" type="stmt"/>
        <line num="34" count="1" type="stmt"/>
      </file>
      <file name="validator.js" path="/Users/mvanproctor/projects/jest-gql-mock-validator/src/core/validator.js">
        <metrics statements="31" coveredstatements="31" conditionals="19" coveredconditionals="19" methods="3" coveredmethods="3"/>
        <line num="10" count="2" type="stmt"/>
        <line num="15" count="14" type="stmt"/>
        <line num="16" count="14" type="stmt"/>
        <line num="18" count="14" type="cond" truecount="2" falsecount="0"/>
        <line num="19" count="10" type="stmt"/>
        <line num="20" count="46" type="cond" truecount="2" falsecount="0"/>
        <line num="21" count="2" type="stmt"/>
        <line num="26" count="14" type="stmt"/>
        <line num="27" count="62" type="cond" truecount="2" falsecount="0"/>
        <line num="28" count="10" type="stmt"/>
        <line num="31" count="52" type="stmt"/>
        <line num="32" count="52" type="stmt"/>
        <line num="34" count="52" type="stmt"/>
        <line num="35" count="100" type="stmt"/>
        <line num="37" count="100" type="cond" truecount="4" falsecount="0"/>
        <line num="38" count="10" type="cond" truecount="2" falsecount="0"/>
        <line num="39" count="1" type="stmt"/>
        <line num="41" count="9" type="cond" truecount="2" falsecount="0"/>
        <line num="42" count="7" type="stmt"/>
        <line num="44" count="9" type="stmt"/>
        <line num="48" count="90" type="cond" truecount="2" falsecount="0"/>
        <line num="49" count="7" type="cond" truecount="2" falsecount="0"/>
        <line num="51" count="3" type="stmt"/>
        <line num="55" count="4" type="stmt"/>
        <line num="56" count="4" type="stmt"/>
        <line num="57" count="4" type="stmt"/>
        <line num="64" count="4" type="stmt"/>
        <line num="67" count="2" type="stmt"/>
        <line num="74" count="4" type="stmt"/>
        <line num="78" count="83" type="stmt"/>
        <line num="82" count="14" type="stmt"/>
      </file>
    </package>
  </project>
</coverage>
