<?xml version="1.0" encoding="UTF-8"?>
<coverage generated="1732621431281" clover="3.2.0">
  <project timestamp="1732621431281" name="All files">
    <metrics statements="76" coveredstatements="73" conditionals="55" coveredconditionals="51" methods="20" coveredmethods="20" elements="151" coveredelements="144" complexity="0" loc="76" ncloc="76" packages="2" files="7" classes="7"/>
    <package name="src">
      <metrics statements="6" coveredstatements="4" conditionals="2" coveredconditionals="1" methods="1" coveredmethods="1"/>
      <file name="index.js" path="/Users/mvanproctor/projects/jest-gql-mock-validator/src/index.js">
        <metrics statements="6" coveredstatements="4" conditionals="2" coveredconditionals="1" methods="1" coveredmethods="1"/>
        <line num="9" count="1" type="stmt"/>
        <line num="10" count="2" type="cond" truecount="1" falsecount="1"/>
        <line num="11" count="0" type="stmt"/>
        <line num="14" count="0" type="stmt"/>
        <line num="17" count="2" type="stmt"/>
        <line num="20" count="1" type="stmt"/>
      </file>
    </package>
    <package name="src.core">
      <metrics statements="70" coveredstatements="69" conditionals="53" coveredconditionals="50" methods="19" coveredmethods="19"/>
      <file name="getKeys.js" path="/Users/mvanproctor/projects/jest-gql-mock-validator/src/core/getKeys.js">
        <metrics statements="4" coveredstatements="4" conditionals="15" coveredconditionals="15" methods="3" coveredmethods="3"/>
        <line num="11" count="4" type="cond" truecount="1" falsecount="0"/>
        <line num="12" count="292" type="cond" truecount="4" falsecount="0"/>
        <line num="17" count="235" type="cond" truecount="2" falsecount="0"/>
        <line num="21" count="36" type="cond" truecount="2" falsecount="0"/>
      </file>
      <file name="getSchema.js" path="/Users/mvanproctor/projects/jest-gql-mock-validator/src/core/getSchema.js">
        <metrics statements="5" coveredstatements="5" conditionals="0" coveredconditionals="0" methods="2" coveredmethods="2"/>
        <line num="3" count="6" type="stmt"/>
        <line num="5" count="6" type="stmt"/>
        <line num="6" count="6" type="stmt"/>
        <line num="7" count="6" type="stmt"/>
        <line num="10" count="17" type="stmt"/>
      </file>
      <file name="mockGqlQuery.js" path="/Users/mvanproctor/projects/jest-gql-mock-validator/src/core/mockGqlQuery.js">
        <metrics statements="6" coveredstatements="6" conditionals="0" coveredconditionals="0" methods="2" coveredmethods="2"/>
        <line num="1" count="2" type="stmt"/>
        <line num="2" count="3" type="stmt"/>
        <line num="4" count="3" type="stmt"/>
        <line num="5" count="4" type="stmt"/>
        <line num="7" count="3" type="stmt"/>
        <line num="10" count="3" type="stmt"/>
      </file>
      <file name="parseQuery.js" path="/Users/mvanproctor/projects/jest-gql-mock-validator/src/core/parseQuery.js">
        <metrics statements="18" coveredstatements="17" conditionals="17" coveredconditionals="14" methods="6" coveredmethods="6"/>
        <line num="4" count="3" type="stmt"/>
        <line num="5" count="3" type="stmt"/>
        <line num="10" count="3" type="stmt"/>
        <line num="11" count="76" type="cond" truecount="2" falsecount="0"/>
        <line num="12" count="3" type="stmt"/>
        <line num="13" count="38" type="cond" truecount="2" falsecount="0"/>
        <line num="23" count="3" type="stmt"/>
        <line num="24" count="13" type="stmt"/>
        <line num="25" count="13" type="stmt"/>
        <line num="27" count="13" type="stmt"/>
        <line num="30" count="13" type="stmt"/>
        <line num="35" count="51" type="stmt"/>
        <line num="37" count="129" type="cond" truecount="1" falsecount="1"/>
        <line num="38" count="0" type="stmt"/>
        <line num="41" count="129" type="cond" truecount="2" falsecount="0"/>
        <line num="45" count="129" type="stmt"/>
        <line num="47" count="129" type="stmt"/>
        <line num="65" count="13" type="stmt"/>
      </file>
      <file name="toMatchGqlMock.js" path="/Users/mvanproctor/projects/jest-gql-mock-validator/src/core/toMatchGqlMock.js">
        <metrics statements="6" coveredstatements="6" conditionals="2" coveredconditionals="2" methods="3" coveredmethods="3"/>
        <line num="11" count="2" type="stmt"/>
        <line num="12" count="8" type="stmt"/>
        <line num="13" count="8" type="stmt"/>
        <line num="15" count="8" type="stmt"/>
        <line num="20" count="1" type="stmt"/>
        <line num="21" count="6" type="stmt"/>
      </file>
      <file name="validateMockData.js" path="/Users/mvanproctor/projects/jest-gql-mock-validator/src/core/validateMockData.js">
        <metrics statements="31" coveredstatements="31" conditionals="19" coveredconditionals="19" methods="3" coveredmethods="3"/>
        <line num="10" count="3" type="stmt"/>
        <line num="15" count="40" type="stmt"/>
        <line num="16" count="40" type="stmt"/>
        <line num="18" count="40" type="cond" truecount="2" falsecount="0"/>
        <line num="19" count="19" type="stmt"/>
        <line num="20" count="89" type="cond" truecount="2" falsecount="0"/>
        <line num="21" count="2" type="stmt"/>
        <line num="26" count="40" type="stmt"/>
        <line num="27" count="167" type="cond" truecount="2" falsecount="0"/>
        <line num="28" count="55" type="stmt"/>
        <line num="31" count="112" type="stmt"/>
        <line num="32" count="112" type="stmt"/>
        <line num="34" count="112" type="stmt"/>
        <line num="35" count="205" type="stmt"/>
        <line num="37" count="205" type="cond" truecount="4" falsecount="0"/>
        <line num="38" count="28" type="cond" truecount="2" falsecount="0"/>
        <line num="39" count="13" type="stmt"/>
        <line num="41" count="15" type="cond" truecount="2" falsecount="0"/>
        <line num="42" count="13" type="stmt"/>
        <line num="44" count="15" type="stmt"/>
        <line num="48" count="177" type="cond" truecount="2" falsecount="0"/>
        <line num="49" count="27" type="cond" truecount="2" falsecount="0"/>
        <line num="51" count="10" type="stmt"/>
        <line num="55" count="17" type="stmt"/>
        <line num="56" count="17" type="stmt"/>
        <line num="57" count="21" type="stmt"/>
        <line num="64" count="21" type="stmt"/>
        <line num="67" count="4" type="stmt"/>
        <line num="74" count="17" type="stmt"/>
        <line num="78" count="150" type="stmt"/>
        <line num="82" count="40" type="stmt"/>
      </file>
    </package>
  </project>
</coverage>
