{"/Users/mvanproctor/projects/jest-gql-mock-validator/src/index.js": {"path":"/Users/mvanproctor/projects/jest-gql-mock-validator/src/index.js","statementMap":{"0":{"start":{"line":10,"column":35},"end":{"line":63,"column":1}},"1":{"start":{"line":11,"column":2},"end":{"line":16,"column":3}},"2":{"start":{"line":12,"column":4},"end":{"line":14,"column":6}},"3":{"start":{"line":15,"column":4},"end":{"line":15,"column":11}},"4":{"start":{"line":20,"column":2},"end":{"line":29,"column":3}},"5":{"start":{"line":21,"column":4},"end":{"line":21,"column":53}},"6":{"start":{"line":23,"column":4},"end":{"line":27,"column":6}},"7":{"start":{"line":28,"column":4},"end":{"line":28,"column":32}},"8":{"start":{"line":32,"column":4},"end":{"line":32,"column":63}},"9":{"start":{"line":33,"column":17},"end":{"line":33,"column":46}},"10":{"start":{"line":34,"column":21},"end":{"line":34,"column":43}},"11":{"start":{"line":43,"column":25},"end":{"line":54,"column":3}},"12":{"start":{"line":44,"column":19},"end":{"line":44,"column":62}},"13":{"start":{"line":46,"column":4},"end":{"line":53,"column":6}},"14":{"start":{"line":51,"column":14},"end":{"line":51,"column":84}},"15":{"start":{"line":52,"column":18},"end":{"line":52,"column":72}},"16":{"start":{"line":56,"column":2},"end":{"line":56,"column":36}},"17":{"start":{"line":58,"column":2},"end":{"line":62,"column":4}},"18":{"start":{"line":59,"column":4},"end":{"line":59,"column":43}},"19":{"start":{"line":61,"column":4},"end":{"line":61,"column":48}},"20":{"start":{"line":65,"column":0},"end":{"line":65,"column":22}}},"fnMap":{"0":{"name":"(anonymous_0)","decl":{"start":{"line":10,"column":35},"end":{"line":10,"column":36}},"loc":{"start":{"line":10,"column":47},"end":{"line":63,"column":1}},"line":10},"1":{"name":"(anonymous_1)","decl":{"start":{"line":43,"column":25},"end":{"line":43,"column":26}},"loc":{"start":{"line":43,"column":44},"end":{"line":54,"column":3}},"line":43},"2":{"name":"(anonymous_2)","decl":{"start":{"line":50,"column":12},"end":{"line":50,"column":13}},"loc":{"start":{"line":51,"column":14},"end":{"line":51,"column":84}},"line":51},"3":{"name":"(anonymous_3)","decl":{"start":{"line":52,"column":12},"end":{"line":52,"column":13}},"loc":{"start":{"line":52,"column":18},"end":{"line":52,"column":72}},"line":52},"4":{"name":"(anonymous_4)","decl":{"start":{"line":58,"column":34},"end":{"line":58,"column":35}},"loc":{"start":{"line":58,"column":55},"end":{"line":62,"column":3}},"line":58}},"branchMap":{"0":{"loc":{"start":{"line":11,"column":2},"end":{"line":16,"column":3}},"type":"if","locations":[{"start":{"line":11,"column":2},"end":{"line":16,"column":3}},{"start":{},"end":{}}],"line":11},"1":{"loc":{"start":{"line":25,"column":8},"end":{"line":25,"column":30}},"type":"binary-expr","locations":[{"start":{"line":25,"column":8},"end":{"line":25,"column":21}},{"start":{"line":25,"column":25},"end":{"line":25,"column":30}}],"line":25},"2":{"loc":{"start":{"line":32,"column":4},"end":{"line":32,"column":63}},"type":"binary-expr","locations":[{"start":{"line":32,"column":4},"end":{"line":32,"column":41}},{"start":{"line":32,"column":45},"end":{"line":32,"column":63}}],"line":32},"3":{"loc":{"start":{"line":49,"column":8},"end":{"line":52,"column":72}},"type":"cond-expr","locations":[{"start":{"line":50,"column":12},"end":{"line":51,"column":84}},{"start":{"line":52,"column":12},"end":{"line":52,"column":72}}],"line":49}},"s":{"0":1,"1":4,"2":0,"3":0,"4":4,"5":4,"6":1,"7":1,"8":4,"9":4,"10":4,"11":4,"12":2,"13":2,"14":0,"15":1,"16":4,"17":4,"18":0,"19":0,"20":1},"f":{"0":4,"1":2,"2":0,"3":1,"4":0},"b":{"0":[0,4],"1":[1,0],"2":[4,3],"3":[1,1]},"_coverageSchema":"1a1c01bbd47fc00a2c39e90264f33305004495a9","hash":"c433937f095276471a3864baf3ff7a73b1b0b6b7"}
,"/Users/mvanproctor/projects/jest-gql-mock-validator/src/core/keyExtractor.js": {"path":"/Users/mvanproctor/projects/jest-gql-mock-validator/src/core/keyExtractor.js","statementMap":{"0":{"start":{"line":11,"column":23},"end":{"line":30,"column":7}},"1":{"start":{"line":12,"column":2},"end":{"line":30,"column":7}},"2":{"start":{"line":17,"column":12},"end":{"line":27,"column":17}},"3":{"start":{"line":21,"column":20},"end":{"line":21,"column":68}}},"fnMap":{"0":{"name":"(anonymous_0)","decl":{"start":{"line":11,"column":23},"end":{"line":11,"column":24}},"loc":{"start":{"line":12,"column":2},"end":{"line":30,"column":7}},"line":12},"1":{"name":"(anonymous_1)","decl":{"start":{"line":16,"column":38},"end":{"line":16,"column":39}},"loc":{"start":{"line":17,"column":12},"end":{"line":27,"column":17}},"line":17},"2":{"name":"(anonymous_2)","decl":{"start":{"line":20,"column":35},"end":{"line":20,"column":36}},"loc":{"start":{"line":21,"column":20},"end":{"line":21,"column":68}},"line":21}},"branchMap":{"0":{"loc":{"start":{"line":11,"column":29},"end":{"line":11,"column":40}},"type":"default-arg","locations":[{"start":{"line":11,"column":38},"end":{"line":11,"column":40}}],"line":11},"1":{"loc":{"start":{"line":12,"column":2},"end":{"line":30,"column":7}},"type":"cond-expr","locations":[{"start":{"line":13,"column":6},"end":{"line":13,"column":30}},{"start":{"line":14,"column":6},"end":{"line":30,"column":7}}],"line":12},"2":{"loc":{"start":{"line":12,"column":2},"end":{"line":12,"column":33}},"type":"binary-expr","locations":[{"start":{"line":12,"column":2},"end":{"line":12,"column":6}},{"start":{"line":12,"column":10},"end":{"line":12,"column":33}}],"line":12},"3":{"loc":{"start":{"line":17,"column":12},"end":{"line":27,"column":17}},"type":"cond-expr","locations":[{"start":{"line":18,"column":16},"end":{"line":23,"column":17}},{"start":{"line":24,"column":16},"end":{"line":27,"column":17}}],"line":17},"4":{"loc":{"start":{"line":19,"column":18},"end":{"line":19,"column":51}},"type":"cond-expr","locations":[{"start":{"line":19,"column":27},"end":{"line":19,"column":45}},{"start":{"line":19,"column":48},"end":{"line":19,"column":51}}],"line":19},"5":{"loc":{"start":{"line":21,"column":34},"end":{"line":21,"column":67}},"type":"cond-expr","locations":[{"start":{"line":21,"column":43},"end":{"line":21,"column":61}},{"start":{"line":21,"column":64},"end":{"line":21,"column":67}}],"line":21},"6":{"loc":{"start":{"line":25,"column":18},"end":{"line":25,"column":51}},"type":"cond-expr","locations":[{"start":{"line":25,"column":27},"end":{"line":25,"column":45}},{"start":{"line":25,"column":48},"end":{"line":25,"column":51}}],"line":25},"7":{"loc":{"start":{"line":26,"column":36},"end":{"line":26,"column":69}},"type":"cond-expr","locations":[{"start":{"line":26,"column":45},"end":{"line":26,"column":63}},{"start":{"line":26,"column":66},"end":{"line":26,"column":69}}],"line":26}},"s":{"0":3,"1":124,"2":98,"3":12},"f":{"0":124,"1":98,"2":12},"b":{"0":[22],"1":[63,61],"2":[124,123],"3":[8,90],"4":[6,2],"5":[8,4],"6":[65,25],"7":[65,25]},"_coverageSchema":"1a1c01bbd47fc00a2c39e90264f33305004495a9","hash":"2a111838544ff920b0a082c9b9052ac324c0accd"}
,"/Users/mvanproctor/projects/jest-gql-mock-validator/src/core/queryParser.js": {"path":"/Users/mvanproctor/projects/jest-gql-mock-validator/src/core/queryParser.js","statementMap":{"0":{"start":{"line":2,"column":22},"end":{"line":2,"column":29}},"1":{"start":{"line":4,"column":21},"end":{"line":5,"column":56}},"2":{"start":{"line":5,"column":2},"end":{"line":5,"column":56}},"3":{"start":{"line":6,"column":37},"end":{"line":7,"column":67}},"4":{"start":{"line":7,"column":2},"end":{"line":7,"column":67}},"5":{"start":{"line":17,"column":30},"end":{"line":68,"column":1}},"6":{"start":{"line":18,"column":18},"end":{"line":18,"column":37}},"7":{"start":{"line":28,"column":2},"end":{"line":67,"column":6}},"8":{"start":{"line":29,"column":4},"end":{"line":67,"column":5}},"9":{"start":{"line":32,"column":28},"end":{"line":63,"column":11}},"10":{"start":{"line":37,"column":10},"end":{"line":63,"column":11}},"11":{"start":{"line":39,"column":14},"end":{"line":41,"column":15}},"12":{"start":{"line":40,"column":16},"end":{"line":40,"column":30}},"13":{"start":{"line":45,"column":18},"end":{"line":45,"column":47}},"14":{"start":{"line":47,"column":14},"end":{"line":60,"column":16}},"15":{"start":{"line":65,"column":8},"end":{"line":65,"column":52}}},"fnMap":{"0":{"name":"(anonymous_0)","decl":{"start":{"line":4,"column":21},"end":{"line":4,"column":22}},"loc":{"start":{"line":5,"column":2},"end":{"line":5,"column":56}},"line":5},"1":{"name":"(anonymous_1)","decl":{"start":{"line":6,"column":37},"end":{"line":6,"column":38}},"loc":{"start":{"line":7,"column":2},"end":{"line":7,"column":67}},"line":7},"2":{"name":"(anonymous_2)","decl":{"start":{"line":17,"column":30},"end":{"line":17,"column":31}},"loc":{"start":{"line":17,"column":42},"end":{"line":68,"column":1}},"line":17},"3":{"name":"(anonymous_3)","decl":{"start":{"line":28,"column":9},"end":{"line":28,"column":10}},"loc":{"start":{"line":29,"column":4},"end":{"line":67,"column":5}},"line":29},"4":{"name":"(anonymous_4)","decl":{"start":{"line":31,"column":25},"end":{"line":31,"column":26}},"loc":{"start":{"line":31,"column":63},"end":{"line":66,"column":7}},"line":31},"5":{"name":"(anonymous_5)","decl":{"start":{"line":32,"column":28},"end":{"line":32,"column":29}},"loc":{"start":{"line":37,"column":10},"end":{"line":63,"column":11}},"line":37},"6":{"name":"(anonymous_6)","decl":{"start":{"line":38,"column":12},"end":{"line":38,"column":13}},"loc":{"start":{"line":38,"column":76},"end":{"line":61,"column":13}},"line":38}},"branchMap":{"0":{"loc":{"start":{"line":5,"column":2},"end":{"line":5,"column":56}},"type":"cond-expr","locations":[{"start":{"line":5,"column":36},"end":{"line":5,"column":48}},{"start":{"line":5,"column":51},"end":{"line":5,"column":56}}],"line":5},"1":{"loc":{"start":{"line":7,"column":15},"end":{"line":7,"column":66}},"type":"cond-expr","locations":[{"start":{"line":7,"column":46},"end":{"line":7,"column":58}},{"start":{"line":7,"column":61},"end":{"line":7,"column":66}}],"line":7},"2":{"loc":{"start":{"line":34,"column":10},"end":{"line":34,"column":34}},"type":"default-arg","locations":[{"start":{"line":34,"column":32},"end":{"line":34,"column":34}}],"line":34},"3":{"loc":{"start":{"line":34,"column":12},"end":{"line":34,"column":27}},"type":"default-arg","locations":[{"start":{"line":34,"column":25},"end":{"line":34,"column":27}}],"line":34},"4":{"loc":{"start":{"line":35,"column":10},"end":{"line":35,"column":25}},"type":"default-arg","locations":[{"start":{"line":35,"column":23},"end":{"line":35,"column":25}}],"line":35},"5":{"loc":{"start":{"line":39,"column":14},"end":{"line":41,"column":15}},"type":"if","locations":[{"start":{"line":39,"column":14},"end":{"line":41,"column":15}},{"start":{},"end":{}}],"line":39},"6":{"loc":{"start":{"line":50,"column":19},"end":{"line":50,"column":72}},"type":"cond-expr","locations":[{"start":{"line":50,"column":32},"end":{"line":50,"column":60}},{"start":{"line":50,"column":63},"end":{"line":50,"column":72}}],"line":50},"7":{"loc":{"start":{"line":53,"column":16},"end":{"line":59,"column":22}},"type":"cond-expr","locations":[{"start":{"line":54,"column":20},"end":{"line":58,"column":21}},{"start":{"line":59,"column":20},"end":{"line":59,"column":22}}],"line":53},"8":{"loc":{"start":{"line":57,"column":22},"end":{"line":57,"column":75}},"type":"cond-expr","locations":[{"start":{"line":57,"column":35},"end":{"line":57,"column":63}},{"start":{"line":57,"column":66},"end":{"line":57,"column":75}}],"line":57}},"s":{"0":2,"1":2,"2":20,"3":2,"4":10,"5":2,"6":1,"7":1,"8":3,"9":3,"10":13,"11":32,"12":0,"13":32,"14":32,"15":3},"f":{"0":20,"1":10,"2":1,"3":3,"4":3,"5":13,"6":32},"b":{"0":[12,8],"1":[6,4],"2":[0],"3":[0],"4":[3],"5":[0,32],"6":[28,4],"7":[10,22],"8":[6,4]},"_coverageSchema":"1a1c01bbd47fc00a2c39e90264f33305004495a9","hash":"cfc89d34ca49fbcd748c59ff6e0b78996b7158a0"}
,"/Users/mvanproctor/projects/jest-gql-mock-validator/src/core/schemaLoader.js": {"path":"/Users/mvanproctor/projects/jest-gql-mock-validator/src/core/schemaLoader.js","statementMap":{"0":{"start":{"line":12,"column":26},"end":{"line":36,"column":1}},"1":{"start":{"line":13,"column":2},"end":{"line":17,"column":3}},"2":{"start":{"line":14,"column":4},"end":{"line":16,"column":6}},"3":{"start":{"line":19,"column":2},"end":{"line":21,"column":3}},"4":{"start":{"line":20,"column":4},"end":{"line":20,"column":69}},"5":{"start":{"line":23,"column":23},"end":{"line":25,"column":45}},"6":{"start":{"line":27,"column":2},"end":{"line":35,"column":3}},"7":{"start":{"line":28,"column":25},"end":{"line":28,"column":63}},"8":{"start":{"line":29,"column":4},"end":{"line":29,"column":37}},"9":{"start":{"line":31,"column":4},"end":{"line":33,"column":5}},"10":{"start":{"line":32,"column":6},"end":{"line":32,"column":74}},"11":{"start":{"line":34,"column":4},"end":{"line":34,"column":72}}},"fnMap":{"0":{"name":"(anonymous_0)","decl":{"start":{"line":12,"column":26},"end":{"line":12,"column":27}},"loc":{"start":{"line":12,"column":42},"end":{"line":36,"column":1}},"line":12}},"branchMap":{"0":{"loc":{"start":{"line":13,"column":2},"end":{"line":17,"column":3}},"type":"if","locations":[{"start":{"line":13,"column":2},"end":{"line":17,"column":3}},{"start":{},"end":{}}],"line":13},"1":{"loc":{"start":{"line":19,"column":2},"end":{"line":21,"column":3}},"type":"if","locations":[{"start":{"line":19,"column":2},"end":{"line":21,"column":3}},{"start":{},"end":{}}],"line":19},"2":{"loc":{"start":{"line":23,"column":23},"end":{"line":25,"column":45}},"type":"cond-expr","locations":[{"start":{"line":24,"column":6},"end":{"line":24,"column":16}},{"start":{"line":25,"column":6},"end":{"line":25,"column":45}}],"line":23},"3":{"loc":{"start":{"line":31,"column":4},"end":{"line":33,"column":5}},"type":"if","locations":[{"start":{"line":31,"column":4},"end":{"line":33,"column":5}},{"start":{},"end":{}}],"line":31}},"s":{"0":2,"1":7,"2":1,"3":6,"4":1,"5":5,"6":5,"7":5,"8":4,"9":3,"10":2,"11":1},"f":{"0":7},"b":{"0":[1,6],"1":[1,5],"2":[1,4],"3":[2,1]},"_coverageSchema":"1a1c01bbd47fc00a2c39e90264f33305004495a9","hash":"086ae45021df59972b33a4633b9153bae693c0fe"}
,"/Users/mvanproctor/projects/jest-gql-mock-validator/src/core/validator.js": {"path":"/Users/mvanproctor/projects/jest-gql-mock-validator/src/core/validator.js","statementMap":{"0":{"start":{"line":10,"column":32},"end":{"line":83,"column":1}},"1":{"start":{"line":15,"column":17},"end":{"line":15,"column":19}},"2":{"start":{"line":16,"column":25},"end":{"line":16,"column":42}},"3":{"start":{"line":18,"column":2},"end":{"line":24,"column":3}},"4":{"start":{"line":19,"column":4},"end":{"line":23,"column":5}},"5":{"start":{"line":20,"column":6},"end":{"line":22,"column":7}},"6":{"start":{"line":21,"column":8},"end":{"line":21,"column":72}},"7":{"start":{"line":26,"column":2},"end":{"line":80,"column":3}},"8":{"start":{"line":27,"column":4},"end":{"line":29,"column":5}},"9":{"start":{"line":28,"column":6},"end":{"line":28,"column":15}},"10":{"start":{"line":31,"column":17},"end":{"line":31,"column":35}},"11":{"start":{"line":32,"column":18},"end":{"line":32,"column":26}},"12":{"start":{"line":34,"column":4},"end":{"line":79,"column":5}},"13":{"start":{"line":34,"column":17},"end":{"line":34,"column":18}},"14":{"start":{"line":35,"column":18},"end":{"line":35,"column":25}},"15":{"start":{"line":37,"column":6},"end":{"line":45,"column":7}},"16":{"start":{"line":38,"column":8},"end":{"line":40,"column":9}},"17":{"start":{"line":39,"column":10},"end":{"line":39,"column":16}},"18":{"start":{"line":41,"column":8},"end":{"line":43,"column":9}},"19":{"start":{"line":42,"column":10},"end":{"line":42,"column":74}},"20":{"start":{"line":44,"column":8},"end":{"line":44,"column":14}},"21":{"start":{"line":48,"column":6},"end":{"line":75,"column":7}},"22":{"start":{"line":49,"column":8},"end":{"line":52,"column":9}},"23":{"start":{"line":51,"column":10},"end":{"line":51,"column":16}},"24":{"start":{"line":55,"column":30},"end":{"line":55,"column":57}},"25":{"start":{"line":56,"column":8},"end":{"line":72,"column":11}},"26":{"start":{"line":57,"column":28},"end":{"line":61,"column":11}},"27":{"start":{"line":64,"column":10},"end":{"line":71,"column":12}},"28":{"start":{"line":67,"column":16},"end":{"line":69,"column":53}},"29":{"start":{"line":74,"column":8},"end":{"line":74,"column":14}},"30":{"start":{"line":78,"column":6},"end":{"line":78,"column":29}},"31":{"start":{"line":82,"column":2},"end":{"line":82,"column":16}}},"fnMap":{"0":{"name":"(anonymous_0)","decl":{"start":{"line":10,"column":32},"end":{"line":10,"column":33}},"loc":{"start":{"line":14,"column":5},"end":{"line":83,"column":1}},"line":14},"1":{"name":"(anonymous_1)","decl":{"start":{"line":56,"column":29},"end":{"line":56,"column":30}},"loc":{"start":{"line":56,"column":46},"end":{"line":72,"column":9}},"line":56},"2":{"name":"(anonymous_2)","decl":{"start":{"line":66,"column":14},"end":{"line":66,"column":15}},"loc":{"start":{"line":67,"column":16},"end":{"line":69,"column":53}},"line":67}},"branchMap":{"0":{"loc":{"start":{"line":13,"column":2},"end":{"line":13,"column":26}},"type":"default-arg","locations":[{"start":{"line":13,"column":21},"end":{"line":13,"column":26}}],"line":13},"1":{"loc":{"start":{"line":18,"column":2},"end":{"line":24,"column":3}},"type":"if","locations":[{"start":{"line":18,"column":2},"end":{"line":24,"column":3}},{"start":{},"end":{}}],"line":18},"2":{"loc":{"start":{"line":20,"column":6},"end":{"line":22,"column":7}},"type":"if","locations":[{"start":{"line":20,"column":6},"end":{"line":22,"column":7}},{"start":{},"end":{}}],"line":20},"3":{"loc":{"start":{"line":27,"column":4},"end":{"line":29,"column":5}},"type":"if","locations":[{"start":{"line":27,"column":4},"end":{"line":29,"column":5}},{"start":{},"end":{}}],"line":27},"4":{"loc":{"start":{"line":37,"column":6},"end":{"line":45,"column":7}},"type":"if","locations":[{"start":{"line":37,"column":6},"end":{"line":45,"column":7}},{"start":{},"end":{}}],"line":37},"5":{"loc":{"start":{"line":37,"column":10},"end":{"line":37,"column":61}},"type":"binary-expr","locations":[{"start":{"line":37,"column":10},"end":{"line":37,"column":36}},{"start":{"line":37,"column":40},"end":{"line":37,"column":61}}],"line":37},"6":{"loc":{"start":{"line":38,"column":8},"end":{"line":40,"column":9}},"type":"if","locations":[{"start":{"line":38,"column":8},"end":{"line":40,"column":9}},{"start":{},"end":{}}],"line":38},"7":{"loc":{"start":{"line":41,"column":8},"end":{"line":43,"column":9}},"type":"if","locations":[{"start":{"line":41,"column":8},"end":{"line":43,"column":9}},{"start":{},"end":{}}],"line":41},"8":{"loc":{"start":{"line":48,"column":6},"end":{"line":75,"column":7}},"type":"if","locations":[{"start":{"line":48,"column":6},"end":{"line":75,"column":7}},{"start":{},"end":{}}],"line":48},"9":{"loc":{"start":{"line":49,"column":8},"end":{"line":52,"column":9}},"type":"if","locations":[{"start":{"line":49,"column":8},"end":{"line":52,"column":9}},{"start":{},"end":{}}],"line":49}},"s":{"0":2,"1":14,"2":14,"3":14,"4":10,"5":46,"6":2,"7":14,"8":62,"9":10,"10":52,"11":52,"12":52,"13":52,"14":100,"15":100,"16":10,"17":1,"18":9,"19":7,"20":9,"21":90,"22":7,"23":3,"24":4,"25":4,"26":4,"27":4,"28":2,"29":4,"30":83,"31":14},"f":{"0":14,"1":4,"2":2},"b":{"0":[10],"1":[10,4],"2":[2,44],"3":[10,52],"4":[10,90],"5":[100,90],"6":[1,9],"7":[7,2],"8":[7,83],"9":[3,4]},"_coverageSchema":"1a1c01bbd47fc00a2c39e90264f33305004495a9","hash":"c2ba3ac96fa6c72d2050d79fdd3d8add957899a5"}
}
