{"/Users/mvanproctor/projects/jest-gql-mock-validator/src/index.js": {"path":"/Users/mvanproctor/projects/jest-gql-mock-validator/src/index.js","statementMap":{"0":{"start":{"line":9,"column":35},"end":{"line":18,"column":1}},"1":{"start":{"line":10,"column":2},"end":{"line":15,"column":3}},"2":{"start":{"line":11,"column":4},"end":{"line":13,"column":6}},"3":{"start":{"line":14,"column":4},"end":{"line":14,"column":11}},"4":{"start":{"line":17,"column":2},"end":{"line":17,"column":36}},"5":{"start":{"line":20,"column":0},"end":{"line":20,"column":22}}},"fnMap":{"0":{"name":"(anonymous_0)","decl":{"start":{"line":9,"column":35},"end":{"line":9,"column":36}},"loc":{"start":{"line":9,"column":41},"end":{"line":18,"column":1}},"line":9}},"branchMap":{"0":{"loc":{"start":{"line":10,"column":2},"end":{"line":15,"column":3}},"type":"if","locations":[{"start":{"line":10,"column":2},"end":{"line":15,"column":3}},{"start":{},"end":{}}],"line":10}},"s":{"0":1,"1":2,"2":0,"3":0,"4":2,"5":1},"f":{"0":2},"b":{"0":[0,2]},"_coverageSchema":"1a1c01bbd47fc00a2c39e90264f33305004495a9","hash":"8d29ed04416f4aa2010ef5e4854f2714ac37c401"}
,"/Users/mvanproctor/projects/jest-gql-mock-validator/src/core/getKeys.js": {"path":"/Users/mvanproctor/projects/jest-gql-mock-validator/src/core/getKeys.js","statementMap":{"0":{"start":{"line":11,"column":23},"end":{"line":30,"column":7}},"1":{"start":{"line":12,"column":2},"end":{"line":30,"column":7}},"2":{"start":{"line":17,"column":12},"end":{"line":27,"column":17}},"3":{"start":{"line":21,"column":20},"end":{"line":21,"column":68}}},"fnMap":{"0":{"name":"(anonymous_0)","decl":{"start":{"line":11,"column":23},"end":{"line":11,"column":24}},"loc":{"start":{"line":12,"column":2},"end":{"line":30,"column":7}},"line":12},"1":{"name":"(anonymous_1)","decl":{"start":{"line":16,"column":38},"end":{"line":16,"column":39}},"loc":{"start":{"line":17,"column":12},"end":{"line":27,"column":17}},"line":17},"2":{"name":"(anonymous_2)","decl":{"start":{"line":20,"column":35},"end":{"line":20,"column":36}},"loc":{"start":{"line":21,"column":20},"end":{"line":21,"column":68}},"line":21}},"branchMap":{"0":{"loc":{"start":{"line":11,"column":29},"end":{"line":11,"column":40}},"type":"default-arg","locations":[{"start":{"line":11,"column":38},"end":{"line":11,"column":40}}],"line":11},"1":{"loc":{"start":{"line":12,"column":2},"end":{"line":30,"column":7}},"type":"cond-expr","locations":[{"start":{"line":13,"column":6},"end":{"line":13,"column":30}},{"start":{"line":14,"column":6},"end":{"line":30,"column":7}}],"line":12},"2":{"loc":{"start":{"line":12,"column":2},"end":{"line":12,"column":33}},"type":"binary-expr","locations":[{"start":{"line":12,"column":2},"end":{"line":12,"column":6}},{"start":{"line":12,"column":10},"end":{"line":12,"column":33}}],"line":12},"3":{"loc":{"start":{"line":17,"column":12},"end":{"line":27,"column":17}},"type":"cond-expr","locations":[{"start":{"line":18,"column":16},"end":{"line":23,"column":17}},{"start":{"line":24,"column":16},"end":{"line":27,"column":17}}],"line":17},"4":{"loc":{"start":{"line":19,"column":18},"end":{"line":19,"column":51}},"type":"cond-expr","locations":[{"start":{"line":19,"column":27},"end":{"line":19,"column":45}},{"start":{"line":19,"column":48},"end":{"line":19,"column":51}}],"line":19},"5":{"loc":{"start":{"line":21,"column":34},"end":{"line":21,"column":67}},"type":"cond-expr","locations":[{"start":{"line":21,"column":43},"end":{"line":21,"column":61}},{"start":{"line":21,"column":64},"end":{"line":21,"column":67}}],"line":21},"6":{"loc":{"start":{"line":25,"column":18},"end":{"line":25,"column":51}},"type":"cond-expr","locations":[{"start":{"line":25,"column":27},"end":{"line":25,"column":45}},{"start":{"line":25,"column":48},"end":{"line":25,"column":51}}],"line":25},"7":{"loc":{"start":{"line":26,"column":36},"end":{"line":26,"column":69}},"type":"cond-expr","locations":[{"start":{"line":26,"column":45},"end":{"line":26,"column":63}},{"start":{"line":26,"column":66},"end":{"line":26,"column":69}}],"line":26}},"s":{"0":4,"1":292,"2":235,"3":36},"f":{"0":292,"1":235,"2":36},"b":{"0":[48],"1":[157,135],"2":[292,291],"3":[27,208],"4":[23,4],"5":[29,7],"6":[130,78],"7":[130,78]},"_coverageSchema":"1a1c01bbd47fc00a2c39e90264f33305004495a9","hash":"7cb1caaf79cb0e0cb37195021de7c94ce40a8b19"}
,"/Users/mvanproctor/projects/jest-gql-mock-validator/src/core/getSchema.js": {"path":"/Users/mvanproctor/projects/jest-gql-mock-validator/src/core/getSchema.js","statementMap":{"0":{"start":{"line":3,"column":14},"end":{"line":3,"column":18}},"1":{"start":{"line":5,"column":23},"end":{"line":8,"column":1}},"2":{"start":{"line":6,"column":17},"end":{"line":6,"column":61}},"3":{"start":{"line":7,"column":2},"end":{"line":7,"column":47}},"4":{"start":{"line":10,"column":25},"end":{"line":10,"column":73}},"5":{"start":{"line":10,"column":38},"end":{"line":10,"column":72}}},"fnMap":{"0":{"name":"(anonymous_0)","decl":{"start":{"line":5,"column":23},"end":{"line":5,"column":24}},"loc":{"start":{"line":5,"column":35},"end":{"line":8,"column":1}},"line":5},"1":{"name":"(anonymous_1)","decl":{"start":{"line":10,"column":25},"end":{"line":10,"column":26}},"loc":{"start":{"line":10,"column":38},"end":{"line":10,"column":72}},"line":10}},"branchMap":{},"s":{"0":6,"1":6,"2":6,"3":6,"4":6,"5":16},"f":{"0":6,"1":16},"b":{},"_coverageSchema":"1a1c01bbd47fc00a2c39e90264f33305004495a9","hash":"d7374954249a3919d8f408523746531549f0869f"}
,"/Users/mvanproctor/projects/jest-gql-mock-validator/src/core/mockGqlQuery.js": {"path":"/Users/mvanproctor/projects/jest-gql-mock-validator/src/core/mockGqlQuery.js","statementMap":{"0":{"start":{"line":1,"column":28},"end":{"line":11,"column":1}},"1":{"start":{"line":2,"column":23},"end":{"line":2,"column":32}},"2":{"start":{"line":4,"column":2},"end":{"line":8,"column":4}},"3":{"start":{"line":5,"column":4},"end":{"line":5,"column":49}},"4":{"start":{"line":7,"column":4},"end":{"line":7,"column":49}},"5":{"start":{"line":10,"column":2},"end":{"line":10,"column":22}}},"fnMap":{"0":{"name":"(anonymous_0)","decl":{"start":{"line":1,"column":28},"end":{"line":1,"column":29}},"loc":{"start":{"line":1,"column":34},"end":{"line":11,"column":1}},"line":1},"1":{"name":"(anonymous_1)","decl":{"start":{"line":4,"column":37},"end":{"line":4,"column":38}},"loc":{"start":{"line":4,"column":64},"end":{"line":8,"column":3}},"line":4}},"branchMap":{},"s":{"0":2,"1":3,"2":3,"3":4,"4":3,"5":3},"f":{"0":3,"1":4},"b":{},"_coverageSchema":"1a1c01bbd47fc00a2c39e90264f33305004495a9","hash":"fb7e578712dfc88fd75438d29b73ca8860099589"}
,"/Users/mvanproctor/projects/jest-gql-mock-validator/src/core/parseQuery.js": {"path":"/Users/mvanproctor/projects/jest-gql-mock-validator/src/core/parseQuery.js","statementMap":{"0":{"start":{"line":4,"column":22},"end":{"line":4,"column":29}},"1":{"start":{"line":5,"column":41},"end":{"line":8,"column":1}},"2":{"start":{"line":10,"column":21},"end":{"line":11,"column":56}},"3":{"start":{"line":11,"column":2},"end":{"line":11,"column":56}},"4":{"start":{"line":12,"column":37},"end":{"line":13,"column":67}},"5":{"start":{"line":13,"column":2},"end":{"line":13,"column":67}},"6":{"start":{"line":23,"column":26},"end":{"line":69,"column":1}},"7":{"start":{"line":24,"column":17},"end":{"line":24,"column":34}},"8":{"start":{"line":25,"column":18},"end":{"line":25,"column":37}},"9":{"start":{"line":27,"column":2},"end":{"line":68,"column":4}},"10":{"start":{"line":30,"column":26},"end":{"line":61,"column":9}},"11":{"start":{"line":35,"column":8},"end":{"line":61,"column":9}},"12":{"start":{"line":37,"column":12},"end":{"line":39,"column":13}},"13":{"start":{"line":38,"column":14},"end":{"line":38,"column":28}},"14":{"start":{"line":43,"column":16},"end":{"line":43,"column":45}},"15":{"start":{"line":45,"column":12},"end":{"line":58,"column":14}},"16":{"start":{"line":63,"column":6},"end":{"line":66,"column":8}}},"fnMap":{"0":{"name":"(anonymous_0)","decl":{"start":{"line":10,"column":21},"end":{"line":10,"column":22}},"loc":{"start":{"line":11,"column":2},"end":{"line":11,"column":56}},"line":11},"1":{"name":"(anonymous_1)","decl":{"start":{"line":12,"column":37},"end":{"line":12,"column":38}},"loc":{"start":{"line":13,"column":2},"end":{"line":13,"column":67}},"line":13},"2":{"name":"(anonymous_2)","decl":{"start":{"line":23,"column":26},"end":{"line":23,"column":27}},"loc":{"start":{"line":23,"column":53},"end":{"line":69,"column":1}},"line":23},"3":{"name":"(anonymous_3)","decl":{"start":{"line":29,"column":23},"end":{"line":29,"column":24}},"loc":{"start":{"line":29,"column":72},"end":{"line":67,"column":5}},"line":29},"4":{"name":"(anonymous_4)","decl":{"start":{"line":30,"column":26},"end":{"line":30,"column":27}},"loc":{"start":{"line":35,"column":8},"end":{"line":61,"column":9}},"line":35},"5":{"name":"(anonymous_5)","decl":{"start":{"line":36,"column":10},"end":{"line":36,"column":11}},"loc":{"start":{"line":36,"column":74},"end":{"line":59,"column":11}},"line":36}},"branchMap":{"0":{"loc":{"start":{"line":11,"column":2},"end":{"line":11,"column":56}},"type":"cond-expr","locations":[{"start":{"line":11,"column":36},"end":{"line":11,"column":48}},{"start":{"line":11,"column":51},"end":{"line":11,"column":56}}],"line":11},"1":{"loc":{"start":{"line":13,"column":15},"end":{"line":13,"column":66}},"type":"cond-expr","locations":[{"start":{"line":13,"column":46},"end":{"line":13,"column":58}},{"start":{"line":13,"column":61},"end":{"line":13,"column":66}}],"line":13},"2":{"loc":{"start":{"line":32,"column":8},"end":{"line":32,"column":32}},"type":"default-arg","locations":[{"start":{"line":32,"column":30},"end":{"line":32,"column":32}}],"line":32},"3":{"loc":{"start":{"line":32,"column":10},"end":{"line":32,"column":25}},"type":"default-arg","locations":[{"start":{"line":32,"column":23},"end":{"line":32,"column":25}}],"line":32},"4":{"loc":{"start":{"line":33,"column":8},"end":{"line":33,"column":23}},"type":"default-arg","locations":[{"start":{"line":33,"column":21},"end":{"line":33,"column":23}}],"line":33},"5":{"loc":{"start":{"line":37,"column":12},"end":{"line":39,"column":13}},"type":"if","locations":[{"start":{"line":37,"column":12},"end":{"line":39,"column":13}},{"start":{},"end":{}}],"line":37},"6":{"loc":{"start":{"line":48,"column":17},"end":{"line":48,"column":70}},"type":"cond-expr","locations":[{"start":{"line":48,"column":30},"end":{"line":48,"column":58}},{"start":{"line":48,"column":61},"end":{"line":48,"column":70}}],"line":48},"7":{"loc":{"start":{"line":51,"column":14},"end":{"line":57,"column":20}},"type":"cond-expr","locations":[{"start":{"line":52,"column":18},"end":{"line":56,"column":19}},{"start":{"line":57,"column":18},"end":{"line":57,"column":20}}],"line":51},"8":{"loc":{"start":{"line":55,"column":20},"end":{"line":55,"column":73}},"type":"cond-expr","locations":[{"start":{"line":55,"column":33},"end":{"line":55,"column":61}},{"start":{"line":55,"column":64},"end":{"line":55,"column":73}}],"line":55}},"s":{"0":3,"1":3,"2":3,"3":70,"4":3,"5":35,"6":3,"7":12,"8":12,"9":12,"10":12,"11":47,"12":120,"13":0,"14":120,"15":120,"16":12},"f":{"0":70,"1":35,"2":12,"3":12,"4":47,"5":120},"b":{"0":[32,38],"1":[16,19],"2":[0],"3":[0],"4":[12],"5":[0,120],"6":[107,13],"7":[35,85],"8":[22,13]},"_coverageSchema":"1a1c01bbd47fc00a2c39e90264f33305004495a9","hash":"71249274ad8088c894fcffcd288f0f94e8f15fee"}
,"/Users/mvanproctor/projects/jest-gql-mock-validator/src/core/toMatchGqlMock.js": {"path":"/Users/mvanproctor/projects/jest-gql-mock-validator/src/core/toMatchGqlMock.js","statementMap":{"0":{"start":{"line":11,"column":30},"end":{"line":23,"column":1}},"1":{"start":{"line":12,"column":27},"end":{"line":12,"column":48}},"2":{"start":{"line":13,"column":17},"end":{"line":13,"column":61}},"3":{"start":{"line":15,"column":2},"end":{"line":22,"column":4}},"4":{"start":{"line":20,"column":12},"end":{"line":20,"column":82}},"5":{"start":{"line":21,"column":16},"end":{"line":21,"column":70}}},"fnMap":{"0":{"name":"(anonymous_0)","decl":{"start":{"line":11,"column":30},"end":{"line":11,"column":31}},"loc":{"start":{"line":11,"column":55},"end":{"line":23,"column":1}},"line":11},"1":{"name":"(anonymous_1)","decl":{"start":{"line":19,"column":10},"end":{"line":19,"column":11}},"loc":{"start":{"line":20,"column":12},"end":{"line":20,"column":82}},"line":20},"2":{"name":"(anonymous_2)","decl":{"start":{"line":21,"column":10},"end":{"line":21,"column":11}},"loc":{"start":{"line":21,"column":16},"end":{"line":21,"column":70}},"line":21}},"branchMap":{"0":{"loc":{"start":{"line":18,"column":6},"end":{"line":21,"column":70}},"type":"cond-expr","locations":[{"start":{"line":19,"column":10},"end":{"line":20,"column":82}},{"start":{"line":21,"column":10},"end":{"line":21,"column":70}}],"line":18}},"s":{"0":2,"1":8,"2":8,"3":8,"4":1,"5":6},"f":{"0":8,"1":1,"2":6},"b":{"0":[5,3]},"_coverageSchema":"1a1c01bbd47fc00a2c39e90264f33305004495a9","hash":"b43e4070e60b997a44322283086bb85daab83df4"}
,"/Users/mvanproctor/projects/jest-gql-mock-validator/src/core/validateMockData.js": {"path":"/Users/mvanproctor/projects/jest-gql-mock-validator/src/core/validateMockData.js","statementMap":{"0":{"start":{"line":10,"column":32},"end":{"line":83,"column":1}},"1":{"start":{"line":15,"column":17},"end":{"line":15,"column":19}},"2":{"start":{"line":16,"column":25},"end":{"line":16,"column":42}},"3":{"start":{"line":18,"column":2},"end":{"line":24,"column":3}},"4":{"start":{"line":19,"column":4},"end":{"line":23,"column":5}},"5":{"start":{"line":20,"column":6},"end":{"line":22,"column":7}},"6":{"start":{"line":21,"column":8},"end":{"line":21,"column":72}},"7":{"start":{"line":26,"column":2},"end":{"line":80,"column":3}},"8":{"start":{"line":27,"column":4},"end":{"line":29,"column":5}},"9":{"start":{"line":28,"column":6},"end":{"line":28,"column":15}},"10":{"start":{"line":31,"column":17},"end":{"line":31,"column":35}},"11":{"start":{"line":32,"column":18},"end":{"line":32,"column":26}},"12":{"start":{"line":34,"column":4},"end":{"line":79,"column":5}},"13":{"start":{"line":34,"column":17},"end":{"line":34,"column":18}},"14":{"start":{"line":35,"column":18},"end":{"line":35,"column":25}},"15":{"start":{"line":37,"column":6},"end":{"line":45,"column":7}},"16":{"start":{"line":38,"column":8},"end":{"line":40,"column":9}},"17":{"start":{"line":39,"column":10},"end":{"line":39,"column":16}},"18":{"start":{"line":41,"column":8},"end":{"line":43,"column":9}},"19":{"start":{"line":42,"column":10},"end":{"line":42,"column":74}},"20":{"start":{"line":44,"column":8},"end":{"line":44,"column":14}},"21":{"start":{"line":48,"column":6},"end":{"line":75,"column":7}},"22":{"start":{"line":49,"column":8},"end":{"line":52,"column":9}},"23":{"start":{"line":51,"column":10},"end":{"line":51,"column":16}},"24":{"start":{"line":55,"column":30},"end":{"line":55,"column":57}},"25":{"start":{"line":56,"column":8},"end":{"line":72,"column":11}},"26":{"start":{"line":57,"column":28},"end":{"line":61,"column":11}},"27":{"start":{"line":64,"column":10},"end":{"line":71,"column":12}},"28":{"start":{"line":67,"column":16},"end":{"line":69,"column":53}},"29":{"start":{"line":74,"column":8},"end":{"line":74,"column":14}},"30":{"start":{"line":78,"column":6},"end":{"line":78,"column":29}},"31":{"start":{"line":82,"column":2},"end":{"line":82,"column":16}}},"fnMap":{"0":{"name":"(anonymous_0)","decl":{"start":{"line":10,"column":32},"end":{"line":10,"column":33}},"loc":{"start":{"line":14,"column":5},"end":{"line":83,"column":1}},"line":14},"1":{"name":"(anonymous_1)","decl":{"start":{"line":56,"column":29},"end":{"line":56,"column":30}},"loc":{"start":{"line":56,"column":46},"end":{"line":72,"column":9}},"line":56},"2":{"name":"(anonymous_2)","decl":{"start":{"line":66,"column":14},"end":{"line":66,"column":15}},"loc":{"start":{"line":67,"column":16},"end":{"line":69,"column":53}},"line":67}},"branchMap":{"0":{"loc":{"start":{"line":13,"column":2},"end":{"line":13,"column":26}},"type":"default-arg","locations":[{"start":{"line":13,"column":21},"end":{"line":13,"column":26}}],"line":13},"1":{"loc":{"start":{"line":18,"column":2},"end":{"line":24,"column":3}},"type":"if","locations":[{"start":{"line":18,"column":2},"end":{"line":24,"column":3}},{"start":{},"end":{}}],"line":18},"2":{"loc":{"start":{"line":20,"column":6},"end":{"line":22,"column":7}},"type":"if","locations":[{"start":{"line":20,"column":6},"end":{"line":22,"column":7}},{"start":{},"end":{}}],"line":20},"3":{"loc":{"start":{"line":27,"column":4},"end":{"line":29,"column":5}},"type":"if","locations":[{"start":{"line":27,"column":4},"end":{"line":29,"column":5}},{"start":{},"end":{}}],"line":27},"4":{"loc":{"start":{"line":37,"column":6},"end":{"line":45,"column":7}},"type":"if","locations":[{"start":{"line":37,"column":6},"end":{"line":45,"column":7}},{"start":{},"end":{}}],"line":37},"5":{"loc":{"start":{"line":37,"column":10},"end":{"line":37,"column":61}},"type":"binary-expr","locations":[{"start":{"line":37,"column":10},"end":{"line":37,"column":36}},{"start":{"line":37,"column":40},"end":{"line":37,"column":61}}],"line":37},"6":{"loc":{"start":{"line":38,"column":8},"end":{"line":40,"column":9}},"type":"if","locations":[{"start":{"line":38,"column":8},"end":{"line":40,"column":9}},{"start":{},"end":{}}],"line":38},"7":{"loc":{"start":{"line":41,"column":8},"end":{"line":43,"column":9}},"type":"if","locations":[{"start":{"line":41,"column":8},"end":{"line":43,"column":9}},{"start":{},"end":{}}],"line":41},"8":{"loc":{"start":{"line":48,"column":6},"end":{"line":75,"column":7}},"type":"if","locations":[{"start":{"line":48,"column":6},"end":{"line":75,"column":7}},{"start":{},"end":{}}],"line":48},"9":{"loc":{"start":{"line":49,"column":8},"end":{"line":52,"column":9}},"type":"if","locations":[{"start":{"line":49,"column":8},"end":{"line":52,"column":9}},{"start":{},"end":{}}],"line":49}},"s":{"0":3,"1":40,"2":40,"3":40,"4":19,"5":89,"6":2,"7":40,"8":167,"9":55,"10":112,"11":112,"12":112,"13":112,"14":205,"15":205,"16":28,"17":13,"18":15,"19":13,"20":15,"21":177,"22":27,"23":10,"24":17,"25":17,"26":21,"27":21,"28":4,"29":17,"30":150,"31":40},"f":{"0":40,"1":21,"2":4},"b":{"0":[19],"1":[19,21],"2":[2,87],"3":[55,112],"4":[28,177],"5":[205,177],"6":[13,15],"7":[13,2],"8":[27,150],"9":[10,17]},"_coverageSchema":"1a1c01bbd47fc00a2c39e90264f33305004495a9","hash":"a24468efb35d7795c5e34870089ce94850f66eba"}
}
