TN:
SF:src/index.js
FN:9,(anonymous_0)
FNF:1
FNH:1
FNDA:2,(anonymous_0)
DA:9,1
DA:10,2
DA:11,0
DA:14,0
DA:17,2
DA:20,1
LF:6
LH:4
BRDA:10,0,0,0
BRDA:10,0,1,2
BRF:2
BRH:1
end_of_record
TN:
SF:src/core/getKeys.js
FN:11,(anonymous_0)
FN:16,(anonymous_1)
FN:20,(anonymous_2)
FNF:3
FNH:3
FNDA:288,(anonymous_0)
FNDA:231,(anonymous_1)
FNDA:36,(anonymous_2)
DA:11,4
DA:12,288
DA:17,231
DA:21,36
LF:4
LH:4
BRDA:11,0,0,47
BRDA:12,1,0,156
BRDA:12,1,1,132
BRDA:12,2,0,288
BRDA:12,2,1,287
BRDA:17,3,0,26
BRDA:17,3,1,205
BRDA:19,4,0,22
BRDA:19,4,1,4
BRDA:21,5,0,29
BRDA:21,5,1,7
BRDA:25,6,0,128
BRDA:25,6,1,77
BRDA:26,7,0,128
BRDA:26,7,1,77
BRF:15
BRH:15
end_of_record
TN:
SF:src/core/getSchema.js
FN:5,(anonymous_0)
FN:10,(anonymous_1)
FNF:2
FNH:2
FNDA:6,(anonymous_0)
FNDA:15,(anonymous_1)
DA:3,6
DA:5,6
DA:6,6
DA:7,6
DA:10,15
LF:5
LH:5
BRF:0
BRH:0
end_of_record
TN:
SF:src/core/mockGqlQuery.js
FN:1,(anonymous_0)
FN:4,(anonymous_1)
FNF:2
FNH:2
FNDA:3,(anonymous_0)
FNDA:4,(anonymous_1)
DA:1,2
DA:2,3
DA:4,3
DA:5,4
DA:7,3
DA:10,3
LF:6
LH:6
BRF:0
BRH:0
end_of_record
TN:
SF:src/core/parseQuery.js
FN:5,(anonymous_0)
FN:7,(anonymous_1)
FN:18,(anonymous_2)
FN:24,(anonymous_3)
FN:25,(anonymous_4)
FN:31,(anonymous_5)
FNF:6
FNH:6
FNDA:68,(anonymous_0)
FNDA:34,(anonymous_1)
FNDA:11,(anonymous_2)
FNDA:11,(anonymous_3)
FNDA:45,(anonymous_4)
FNDA:116,(anonymous_5)
DA:3,3
DA:5,3
DA:6,68
DA:7,3
DA:8,34
DA:18,3
DA:19,11
DA:20,11
DA:22,11
DA:25,11
DA:30,45
DA:32,116
DA:33,0
DA:38,116
DA:40,116
DA:58,11
LF:16
LH:15
BRDA:6,0,0,32
BRDA:6,0,1,36
BRDA:8,1,0,16
BRDA:8,1,1,18
BRDA:27,2,0,0
BRDA:27,3,0,0
BRDA:28,4,0,11
BRDA:32,5,0,0
BRDA:32,5,1,116
BRDA:43,6,0,104
BRDA:43,6,1,12
BRDA:46,7,0,34
BRDA:46,7,1,82
BRDA:50,8,0,22
BRDA:50,8,1,12
BRF:15
BRH:12
end_of_record
TN:
SF:src/core/toMatchGqlMock.js
FN:11,(anonymous_0)
FN:19,(anonymous_1)
FN:21,(anonymous_2)
FNF:3
FNH:3
FNDA:8,(anonymous_0)
FNDA:1,(anonymous_1)
FNDA:6,(anonymous_2)
DA:11,2
DA:12,8
DA:13,8
DA:15,8
DA:20,1
DA:21,6
LF:6
LH:6
BRDA:18,0,0,5
BRDA:18,0,1,3
BRF:2
BRH:2
end_of_record
TN:
SF:src/core/validateMockData.js
FN:10,(anonymous_0)
FN:56,(anonymous_1)
FN:66,(anonymous_2)
FNF:3
FNH:3
FNDA:39,(anonymous_0)
FNDA:21,(anonymous_1)
FNDA:4,(anonymous_2)
DA:10,3
DA:15,39
DA:16,39
DA:18,39
DA:19,18
DA:20,85
DA:21,2
DA:26,39
DA:27,163
DA:28,54
DA:31,109
DA:32,109
DA:34,109
DA:35,196
DA:37,196
DA:38,28
DA:39,16
DA:41,12
DA:42,10
DA:44,12
DA:48,168
DA:49,25
DA:51,9
DA:55,16
DA:56,16
DA:57,21
DA:64,21
DA:67,4
DA:74,16
DA:78,143
DA:82,39
LF:31
LH:31
BRDA:13,0,0,18
BRDA:18,1,0,18
BRDA:18,1,1,21
BRDA:20,2,0,2
BRDA:20,2,1,83
BRDA:27,3,0,54
BRDA:27,3,1,109
BRDA:37,4,0,28
BRDA:37,4,1,168
BRDA:37,5,0,196
BRDA:37,5,1,168
BRDA:38,6,0,16
BRDA:38,6,1,12
BRDA:41,7,0,10
BRDA:41,7,1,2
BRDA:48,8,0,25
BRDA:48,8,1,143
BRDA:49,9,0,9
BRDA:49,9,1,16
BRF:19
BRH:19
end_of_record
