TN:
SF:src/index.js
FN:10,(anonymous_0)
FN:43,(anonymous_1)
FN:50,(anonymous_2)
FN:52,(anonymous_3)
FN:58,(anonymous_4)
FNF:5
FNH:3
FNDA:4,(anonymous_0)
FNDA:2,(anonymous_1)
FNDA:0,(anonymous_2)
FNDA:1,(anonymous_3)
FNDA:0,(anonymous_4)
DA:10,1
DA:11,4
DA:12,0
DA:15,0
DA:20,4
DA:21,4
DA:23,1
DA:28,1
DA:32,4
DA:33,4
DA:34,4
DA:43,4
DA:44,2
DA:46,2
DA:51,0
DA:52,1
DA:56,4
DA:58,4
DA:59,0
DA:61,0
DA:65,1
LF:21
LH:16
BRDA:11,0,0,0
BRDA:11,0,1,4
BRDA:25,1,0,1
BRDA:25,1,1,0
BRDA:32,2,0,4
BRDA:32,2,1,3
BRDA:49,3,0,1
BRDA:49,3,1,1
BRF:8
BRH:6
end_of_record
TN:
SF:src/core/keyExtractor.js
FN:11,(anonymous_0)
FN:16,(anonymous_1)
FN:20,(anonymous_2)
FNF:3
FNH:3
FNDA:124,(anonymous_0)
FNDA:98,(anonymous_1)
FNDA:12,(anonymous_2)
DA:11,3
DA:12,124
DA:17,98
DA:21,12
LF:4
LH:4
BRDA:11,0,0,22
BRDA:12,1,0,63
BRDA:12,1,1,61
BRDA:12,2,0,124
BRDA:12,2,1,123
BRDA:17,3,0,8
BRDA:17,3,1,90
BRDA:19,4,0,6
BRDA:19,4,1,2
BRDA:21,5,0,8
BRDA:21,5,1,4
BRDA:25,6,0,65
BRDA:25,6,1,25
BRDA:26,7,0,65
BRDA:26,7,1,25
BRF:15
BRH:15
end_of_record
TN:
SF:src/core/queryParser.js
FN:4,(anonymous_0)
FN:6,(anonymous_1)
FN:17,(anonymous_2)
FN:28,(anonymous_3)
FN:31,(anonymous_4)
FN:32,(anonymous_5)
FN:38,(anonymous_6)
FNF:7
FNH:7
FNDA:20,(anonymous_0)
FNDA:10,(anonymous_1)
FNDA:1,(anonymous_2)
FNDA:3,(anonymous_3)
FNDA:3,(anonymous_4)
FNDA:13,(anonymous_5)
FNDA:32,(anonymous_6)
DA:2,2
DA:4,2
DA:5,20
DA:6,2
DA:7,10
DA:17,2
DA:18,1
DA:28,1
DA:29,3
DA:32,3
DA:37,13
DA:39,32
DA:40,0
DA:45,32
DA:47,32
DA:65,3
LF:16
LH:15
BRDA:5,0,0,12
BRDA:5,0,1,8
BRDA:7,1,0,6
BRDA:7,1,1,4
BRDA:34,2,0,0
BRDA:34,3,0,0
BRDA:35,4,0,3
BRDA:39,5,0,0
BRDA:39,5,1,32
BRDA:50,6,0,28
BRDA:50,6,1,4
BRDA:53,7,0,10
BRDA:53,7,1,22
BRDA:57,8,0,6
BRDA:57,8,1,4
BRF:15
BRH:12
end_of_record
TN:
SF:src/core/schemaLoader.js
FN:12,(anonymous_0)
FNF:1
FNH:1
FNDA:7,(anonymous_0)
DA:12,2
DA:13,7
DA:14,1
DA:19,6
DA:20,1
DA:23,5
DA:27,5
DA:28,5
DA:29,4
DA:31,3
DA:32,2
DA:34,1
LF:12
LH:12
BRDA:13,0,0,1
BRDA:13,0,1,6
BRDA:19,1,0,1
BRDA:19,1,1,5
BRDA:23,2,0,1
BRDA:23,2,1,4
BRDA:31,3,0,2
BRDA:31,3,1,1
BRF:8
BRH:8
end_of_record
TN:
SF:src/core/validator.js
FN:10,(anonymous_0)
FN:56,(anonymous_1)
FN:66,(anonymous_2)
FNF:3
FNH:3
FNDA:14,(anonymous_0)
FNDA:4,(anonymous_1)
FNDA:2,(anonymous_2)
DA:10,2
DA:15,14
DA:16,14
DA:18,14
DA:19,10
DA:20,46
DA:21,2
DA:26,14
DA:27,62
DA:28,10
DA:31,52
DA:32,52
DA:34,52
DA:35,100
DA:37,100
DA:38,10
DA:39,1
DA:41,9
DA:42,7
DA:44,9
DA:48,90
DA:49,7
DA:51,3
DA:55,4
DA:56,4
DA:57,4
DA:64,4
DA:67,2
DA:74,4
DA:78,83
DA:82,14
LF:31
LH:31
BRDA:13,0,0,10
BRDA:18,1,0,10
BRDA:18,1,1,4
BRDA:20,2,0,2
BRDA:20,2,1,44
BRDA:27,3,0,10
BRDA:27,3,1,52
BRDA:37,4,0,10
BRDA:37,4,1,90
BRDA:37,5,0,100
BRDA:37,5,1,90
BRDA:38,6,0,1
BRDA:38,6,1,9
BRDA:41,7,0,7
BRDA:41,7,1,2
BRDA:48,8,0,7
BRDA:48,8,1,83
BRDA:49,9,0,3
BRDA:49,9,1,4
BRF:19
BRH:19
end_of_record
